<?xml version="1.0" encoding="UTF-8"?>
<!-- Generated by org.testng.reporters.JUnitXMLReporter -->
<testsuite hostname="Fatihs-MBP" ignored="0" name="Default test" tests="3" failures="0" timestamp="2020-07-21T00:08:40 CDT" time="7.676" errors="0">
  <testcase name="verifyHomePageTitle" time="0.414" classname="com.qa.verizon.tests.HomePageTest"/>
  <testcase name="selectPhoneList" time="1.613" classname="com.qa.verizon.tests.HomePageTest"/>
  <testcase name="smartPhoneClick" time="1.337" classname="com.qa.verizon.tests.HomePageTest"/>
</testsuite> <!-- Default test -->
