<?xml version="1.0" encoding="UTF-8"?>
<!-- Generated by org.testng.reporters.JUnitXMLReporter -->
<testsuite hostname="Fatihs-MBP" ignored="0" name="Verizon Functional Regression Test" tests="5" failures="0" timestamp="2020-07-13T18:48:54 CDT" time="0.096" errors="0">
  <testcase name="@BeforeTest Setup" time="0.02" classname="com.qa.verizon.tests.HomePageTest">
    <failure type="java.lang.NullPointerException">
      <![CDATA[java.lang.NullPointerException
at com.qa.verizon.base.BasePage.init_driver(BasePage.java:28)
at com.qa.verizon.tests.HomePageTest.Setup(HomePageTest.java:29)
... Removed 24 stack frames]]>
    </failure>
  </testcase> <!-- @BeforeTest Setup -->
  <testcase name="@BeforeTest Setup" time="-1.594684134737E9" classname="com.qa.verizon.tests.SmartPhonePageTest">
    <skipped/>
  </testcase> <!-- @BeforeTest Setup -->
  <testcase name="@AfterTest teardown" time="-1.594684134795E9" classname="com.qa.verizon.tests.HomePageTest">
    <skipped/>
  </testcase> <!-- @AfterTest teardown -->
  <testcase name="@AfterTest teardown" time="-1.594684134796E9" classname="com.qa.verizon.tests.SmartPhonePageTest">
    <skipped/>
  </testcase> <!-- @AfterTest teardown -->
  <testcase name="Choosephone" time="0.0" classname="com.qa.verizon.tests.SmartPhonePageTest">
    <skipped/>
  </testcase> <!-- Choosephone -->
  <testcase name="PagetitleVerify" time="0.0" classname="com.qa.verizon.tests.SmartPhonePageTest">
    <skipped/>
  </testcase> <!-- PagetitleVerify -->
  <testcase name="verifyPagetitle" time="0.0" classname="com.qa.verizon.tests.HomePageTest">
    <skipped/>
  </testcase> <!-- verifyPagetitle -->
  <testcase name="Clickphone" time="0.0" classname="com.qa.verizon.tests.HomePageTest">
    <skipped/>
  </testcase> <!-- Clickphone -->
  <testcase name="ClickSmartPhone" time="0.0" classname="com.qa.verizon.tests.HomePageTest">
    <skipped/>
  </testcase> <!-- ClickSmartPhone -->
</testsuite> <!-- Verizon Functional Regression Test -->
