<?xml version="1.0" encoding="UTF-8"?>
<!-- Generated by org.testng.reporters.JUnitXMLReporter -->
<testsuite hostname="Fatihs-MBP" ignored="0" name="Test" tests="9" failures="0" timestamp="2020-07-23T14:03:01 CDT" time="247.007" errors="0">
  <testcase name="PagetitleVerify" time="0.178" classname="com.qa.verizon.tests.SmartPhoneTest"/>
  <testcase name="Choosephone" time="6.695" classname="com.qa.verizon.tests.SmartPhoneTest"/>
  <testcase name="getPhonePageTitle" time="0.047" classname="com.qa.verizon.tests.PhoneTest"/>
  <testcase name="chooseFeatureOfPhone" time="5.639" classname="com.qa.verizon.tests.PhoneTest"/>
  <testcase name="zipCode" time="3.475" classname="com.qa.verizon.tests.PhoneTest"/>
  <testcase name="chooseFeatures" time="196.725" classname="com.qa.verizon.tests.PhoneTest"/>
  <testcase name="verifyHomePageTitle" time="0.041" classname="com.qa.verizon.tests.HomePageTest"/>
  <testcase name="selectPhoneList" time="0.233" classname="com.qa.verizon.tests.HomePageTest"/>
  <testcase name="smartPhoneClick" time="1.879" classname="com.qa.verizon.tests.HomePageTest"/>
</testsuite> <!-- Test -->
